//third_party/java_src/j2cl/transpiler/javatests/com/google/j2cl/transpiler/readable/arithmeticexpressions:arithmeticexpressions_binary:
WARNING - Support for ES6 is experimental.

blaze-out/gcc-4.X.Y-crosstool-v18-hybrid-grtev4-k8-fastbuild/bin/third_party/java_src/j2cl/jre/java/java/io/Serializable.js:58: WARNING - actual parameter 1 of $jscomp.scope.Serializable.$markImplementor does not match formal parameter
found   : function (this:$jscomp.scope.Serializable): ?
required: (Function|null)
Serializable.$markImplementor(Serializable);
                              ^

blaze-out/gcc-4.X.Y-crosstool-v18-hybrid-grtev4-k8-fastbuild/bin/third_party/java_src/j2cl/jre/java/java/lang/AssertionError.js:12: WARNING - Access to protected property $ctor__java_lang_Error of gen.java.lang.ErrorModule.Error not allowed here.
class AssertionError extends Error {
^

blaze-out/gcc-4.X.Y-crosstool-v18-hybrid-grtev4-k8-fastbuild/bin/third_party/java_src/j2cl/jre/java/java/lang/AssertionError.js:12: WARNING - Access to protected property $ctor__java_lang_Object of gen.java.lang.ErrorModule.Error not allowed here.
class AssertionError extends Error {
^

blaze-out/gcc-4.X.Y-crosstool-v18-hybrid-grtev4-k8-fastbuild/bin/third_party/java_src/j2cl/jre/java/java/lang/Error.js:12: WARNING - Access to protected property $ctor__java_lang_Object of gen.java.lang.CoreModule.Object not allowed here.
class Error extends Object {
^

blaze-out/gcc-4.X.Y-crosstool-v18-hybrid-grtev4-k8-fastbuild/bin/third_party/java_src/j2cl/jre/java/java/lang/Exception.js:12: WARNING - Access to protected property $ctor__java_lang_Object of gen.java.lang.ThrowableModule.Throwable not allowed here.
class Exception extends Throwable {
^

blaze-out/gcc-4.X.Y-crosstool-v18-hybrid-grtev4-k8-fastbuild/bin/third_party/java_src/j2cl/jre/java/java/lang/Exception.js:12: WARNING - Access to protected property $ctor__java_lang_Throwable of gen.java.lang.ThrowableModule.Throwable not allowed here.
class Exception extends Throwable {
^

blaze-out/gcc-4.X.Y-crosstool-v18-hybrid-grtev4-k8-fastbuild/bin/third_party/java_src/j2cl/jre/java/java/lang/RuntimeException.js:12: WARNING - Access to protected property $ctor__java_lang_Exception of gen.java.lang.ExceptionModule.Exception not allowed here.
class RuntimeException extends Exception {
^

blaze-out/gcc-4.X.Y-crosstool-v18-hybrid-grtev4-k8-fastbuild/bin/third_party/java_src/j2cl/jre/java/java/lang/RuntimeException.js:12: WARNING - Access to protected property $ctor__java_lang_Object of gen.java.lang.ExceptionModule.Exception not allowed here.
class RuntimeException extends Exception {
^

blaze-out/gcc-4.X.Y-crosstool-v18-hybrid-grtev4-k8-fastbuild/bin/third_party/java_src/j2cl/jre/java/java/lang/RuntimeException.js:12: WARNING - Access to protected property $ctor__java_lang_Throwable of gen.java.lang.ExceptionModule.Exception not allowed here.
class RuntimeException extends Exception {
^

blaze-out/gcc-4.X.Y-crosstool-v18-hybrid-grtev4-k8-fastbuild/bin/third_party/java_src/j2cl/jre/java/java/lang/Throwable.js:12: WARNING - Access to protected property $ctor__java_lang_Object of gen.java.lang.CoreModule.Object not allowed here.
class Throwable extends Object {
^

blaze-out/gcc-4.X.Y-crosstool-v18-hybrid-grtev4-k8-fastbuild/bin/third_party/java_src/j2cl/transpiler/javatests/com/google/j2cl/transpiler/readable/arithmeticexpressions/ArithmeticExpressionsTest.js:13: WARNING - Access to protected property $ctor__java_lang_Object of gen.java.lang.CoreModule.Object not allowed here.
class ArithmeticExpressionsTest extends Object {
^

third_party/java_src/j2cl/jre/java/java/lang/Core.js:262: WARNING - assignment to property $createForEnum of $jscomp.scope.ArrayClass
found   : function (string, string, ($jscomp.scope.Class|null), ?, (Array<($jscomp.scope.Object|null)>|null)): ($jscomp.scope.Class|null)
required: function (string, string, ($jscomp.scope.Class|null), (Array<($jscomp.scope.Object|null)>|null)): ($jscomp.scope.Class|null)
class ArrayClass extends Class {
^

0 error(s), 13 warning(s), 98.1% typed